#! /usr/bin/env bash
exec /home/jose/miniconda3/envs/digital/bin/vvp -f "$0" "$@" <<'# EOF'
:ivl_version "13.0 (devel)" "(0_8-6859-gf50cc35d2-dirty)";
:ivl_delay_selection "TYPICAL";
:vpi_time_precision - 12;
:vpi_module "/home/jose/miniconda3/envs/digital/lib/ivl/system.vpi";
:vpi_module "/home/jose/miniconda3/envs/digital/lib/ivl/vhdl_sys.vpi";
:vpi_module "/home/jose/miniconda3/envs/digital/lib/ivl/vhdl_textio.vpi";
:vpi_module "/home/jose/miniconda3/envs/digital/lib/ivl/v2005_math.vpi";
:vpi_module "/home/jose/miniconda3/envs/digital/lib/ivl/va_math.vpi";
S_0x3c836180 .scope module, "contador_tb" "contador_tb" 2 4;
 .timescale -9 -12;
v0x3c849f50_0 .var "infrarrojo", 0 0;
v0x3c849ff0_0 .var "rst", 0 0;
S_0x3c836310 .scope module, "uut" "contador" 2 11, 3 1 0, S_0x3c836180;
 .timescale 0 0;
    .port_info 0 /INPUT 1 "cuenta";
    .port_info 1 /INPUT 1 "rst_n";
    .port_info 2 /OUTPUT 10 "salida";
v0x3c7fb140_0 .net "cuenta", 0 0, v0x3c849f50_0;  1 drivers
v0x3c849b40_0 .var "d", 9 0;
v0x3c849c20_0 .var "q", 9 0;
v0x3c849ce0_0 .net "rst_n", 0 0, v0x3c849ff0_0;  1 drivers
v0x3c849da0_0 .var "salida", 9 0;
E_0x3c7fb6f0 .event anyedge, v0x3c849c20_0;
E_0x3c8340b0/0 .event negedge, v0x3c849ce0_0;
E_0x3c8340b0/1 .event posedge, v0x3c7fb140_0;
E_0x3c8340b0 .event/or E_0x3c8340b0/0, E_0x3c8340b0/1;
    .scope S_0x3c836310;
T_0 ;
    %pushi/vec4 0, 0, 10;
    %store/vec4 v0x3c849c20_0, 0, 10;
    %pushi/vec4 0, 0, 10;
    %store/vec4 v0x3c849b40_0, 0, 10;
    %end;
    .thread T_0;
    .scope S_0x3c836310;
T_1 ;
    %wait E_0x3c8340b0;
    %load/vec4 v0x3c849ce0_0;
    %pad/u 32;
    %cmpi/e 0, 0, 32;
    %jmp/0xz  T_1.0, 4;
    %pushi/vec4 0, 0, 10;
    %assign/vec4 v0x3c849c20_0, 0;
    %jmp T_1.1;
T_1.0 ;
    %load/vec4 v0x3c849b40_0;
    %assign/vec4 v0x3c849c20_0, 0;
T_1.1 ;
    %jmp T_1;
    .thread T_1;
    .scope S_0x3c836310;
T_2 ;
    %wait E_0x3c7fb6f0;
    %pushi/vec4 1, 0, 10;
    %load/vec4 v0x3c849c20_0;
    %add;
    %assign/vec4 v0x3c849b40_0, 0;
    %load/vec4 v0x3c849c20_0;
    %assign/vec4 v0x3c849da0_0, 0;
    %jmp T_2;
    .thread T_2, $push;
    .scope S_0x3c836180;
T_3 ;
    %pushi/vec4 1, 0, 1;
    %store/vec4 v0x3c849ff0_0, 0, 1;
    %pushi/vec4 0, 0, 1;
    %store/vec4 v0x3c849f50_0, 0, 1;
    %delay 20000, 0;
    %pushi/vec4 0, 0, 1;
    %store/vec4 v0x3c849ff0_0, 0, 1;
    %delay 20000, 0;
    %pushi/vec4 1, 0, 1;
    %store/vec4 v0x3c849ff0_0, 0, 1;
    %delay 100000, 0;
    %pushi/vec4 1, 0, 1;
    %store/vec4 v0x3c849f50_0, 0, 1;
    %delay 10000, 0;
    %pushi/vec4 0, 0, 1;
    %store/vec4 v0x3c849f50_0, 0, 1;
    %delay 10000, 0;
    %pushi/vec4 1, 0, 1;
    %store/vec4 v0x3c849f50_0, 0, 1;
    %delay 10000, 0;
    %pushi/vec4 0, 0, 1;
    %store/vec4 v0x3c849f50_0, 0, 1;
    %delay 1000000, 0;
    %pushi/vec4 1, 0, 1;
    %store/vec4 v0x3c849f50_0, 0, 1;
    %delay 10000, 0;
    %pushi/vec4 0, 0, 1;
    %store/vec4 v0x3c849f50_0, 0, 1;
    %delay 10000, 0;
    %pushi/vec4 0, 0, 1;
    %store/vec4 v0x3c849ff0_0, 0, 1;
    %delay 20000, 0;
    %pushi/vec4 1, 0, 1;
    %store/vec4 v0x3c849ff0_0, 0, 1;
    %end;
    .thread T_3;
    .scope S_0x3c836180;
T_4 ;
    %vpi_call 2 44 "$dumpfile", "contador_tb.vcd" {0 0 0};
    %vpi_call 2 45 "$dumpvars", 32'sb11111111111111111111111111111111, S_0x3c836310 {0 0 0};
    %delay 10000000, 0;
    %vpi_call 2 46 "$finish" {0 0 0};
    %end;
    .thread T_4;
# The file index is used to find the file name in the following table.
:file_names 4;
    "N/A";
    "<interactive>";
    "src/Tb/contador_tb.v";
    "./src/Ultrasonido/contador.v";
# EOF
