#! /usr/bin/vvp
:ivl_version "12.0 (stable)";
:ivl_delay_selection "TYPICAL";
:vpi_time_precision - 12;
:vpi_module "/usr/lib/x86_64-linux-gnu/ivl/system.vpi";
:vpi_module "/usr/lib/x86_64-linux-gnu/ivl/vhdl_sys.vpi";
:vpi_module "/usr/lib/x86_64-linux-gnu/ivl/vhdl_textio.vpi";
:vpi_module "/usr/lib/x86_64-linux-gnu/ivl/v2005_math.vpi";
:vpi_module "/usr/lib/x86_64-linux-gnu/ivl/va_math.vpi";
S_0x5739c9c5a5f0 .scope module, "LCD1602_controller_tb" "LCD1602_controller_tb" 2 4;
 .timescale -9 -12;
L_0x76a8f246e018 .functor BUFT 1, C4<0>, C4<0>, C4<0>, C4<0>;
v0x5739c9c7c550_0 .net *"_ivl_3", 0 0, L_0x76a8f246e018;  1 drivers
v0x5739c9c7c650_0 .var "clk", 0 0;
v0x5739c9c7c710_0 .net "data", 7 0, v0x5739c9c7b8d0_0;  1 drivers
v0x5739c9c7c7b0_0 .net "enable", 0 0, L_0x5739c9c39a00;  1 drivers
v0x5739c9c7c850_0 .var "in", 6 0;
v0x5739c9c7c8f0_0 .var "ready_i", 0 0;
v0x5739c9c7c990_0 .var "reset", 0 0;
v0x5739c9c7ca30_0 .net "rs", 0 0, v0x5739c9c7c130_0;  1 drivers
v0x5739c9c7cad0_0 .net "rw", 0 0, v0x5739c9c7c1f0_0;  1 drivers
L_0x5739c9c7cb70 .concat [ 7 1 0 0], v0x5739c9c7c850_0, L_0x76a8f246e018;
S_0x5739c9c5a780 .scope module, "uut" "LCD1602_controller" 2 15, 3 1 0, S_0x5739c9c5a5f0;
 .timescale 0 0;
    .port_info 0 /INPUT 1 "clk";
    .port_info 1 /INPUT 8 "in";
    .port_info 2 /INPUT 1 "reset";
    .port_info 3 /INPUT 1 "ready_i";
    .port_info 4 /OUTPUT 1 "rs";
    .port_info 5 /OUTPUT 1 "rw";
    .port_info 6 /OUTPUT 1 "enable";
    .port_info 7 /OUTPUT 8 "data";
P_0x5739c9c0d490 .param/l "CLEAR_DISPLAY" 1 3 29, C4<00000001>;
P_0x5739c9c0d4d0 .param/l "CONFIG_CMD1" 1 3 18, C4<001>;
P_0x5739c9c0d510 .param/l "CONFIG_CMD2" 1 3 20, C4<011>;
P_0x5739c9c0d550 .param/l "COUNT_MAX" 0 3 5, +C4<00000000000011000011010100000000>;
P_0x5739c9c0d590 .param/l "DATA_BITS" 0 3 4, +C4<00000000000000000000000000001000>;
P_0x5739c9c0d5d0 .param/l "DISPON_CURSORBLINK" 1 3 32, C4<00001110>;
P_0x5739c9c0d610 .param/l "DISPON_CURSOROFF" 1 3 31, C4<00001100>;
P_0x5739c9c0d650 .param/l "DYNAMIC_TEXT" 1 3 22, C4<101>;
P_0x5739c9c0d690 .param/l "IDLE" 1 3 17, C4<000>;
P_0x5739c9c0d6d0 .param/l "LINES2_MATRIX5x8_MODE8bit" 1 3 33, C4<00111000>;
P_0x5739c9c0d710 .param/l "NUM_COMMANDS" 0 3 1, +C4<00000000000000000000000000000100>;
P_0x5739c9c0d750 .param/l "NUM_DATA_ALL" 0 3 2, +C4<00000000000000000000000000100000>;
P_0x5739c9c0d790 .param/l "NUM_DATA_PERLINE" 0 3 3, +C4<00000000000000000000000000010000>;
P_0x5739c9c0d7d0 .param/l "SHIFT_CURSOR_RIGHT" 1 3 30, C4<00000110>;
P_0x5739c9c0d810 .param/l "START_2LINE" 1 3 34, C4<11000000>;
P_0x5739c9c0d850 .param/l "WR_STATIC_TEXT_1L" 1 3 19, C4<010>;
P_0x5739c9c0d890 .param/l "WR_STATIC_TEXT_2L" 1 3 21, C4<100>;
L_0x5739c9c39a00 .functor BUFZ 1, v0x5739c9c7b560_0, C4<0>, C4<0>, C4<0>;
v0x5739c9c39b20_0 .net "clk", 0 0, v0x5739c9c7c650_0;  1 drivers
v0x5739c9c7b560_0 .var "clk_16ms", 0 0;
v0x5739c9c7b620_0 .var "clk_counter", 19 0;
v0x5739c9c7b6e0_0 .var "command_counter", 2 0;
v0x5739c9c7b7c0 .array "config_mem", 3 0, 7 0;
v0x5739c9c7b8d0_0 .var "data", 7 0;
v0x5739c9c7b9b0_0 .var "data_counter", 4 0;
v0x5739c9c7ba90_0 .net "enable", 0 0, L_0x5739c9c39a00;  alias, 1 drivers
v0x5739c9c7bb50_0 .var "flag_case", 1 0;
v0x5739c9c7bc30_0 .var "fsm_state", 2 0;
v0x5739c9c7bd10_0 .net "in", 7 0, L_0x5739c9c7cb70;  1 drivers
v0x5739c9c7bdf0_0 .var "in_data", 7 0;
v0x5739c9c7bed0_0 .var "next_state", 2 0;
v0x5739c9c7bfb0_0 .net "ready_i", 0 0, v0x5739c9c7c8f0_0;  1 drivers
v0x5739c9c7c070_0 .net "reset", 0 0, v0x5739c9c7c990_0;  1 drivers
v0x5739c9c7c130_0 .var "rs", 0 0;
v0x5739c9c7c1f0_0 .var "rw", 0 0;
v0x5739c9c7c2b0 .array "static_data_mem", 31 0, 7 0;
v0x5739c9c7c370_0 .var "udc", 1 0;
E_0x5739c9c46dc0 .event posedge, v0x5739c9c7b560_0;
E_0x5739c9c470a0 .event anyedge, v0x5739c9c7bc30_0, v0x5739c9c7bfb0_0, v0x5739c9c7b6e0_0, v0x5739c9c7b9b0_0;
E_0x5739c9c4a5a0 .event posedge, v0x5739c9c39b20_0;
    .scope S_0x5739c9c5a780;
T_0 ;
    %pushi/vec4 0, 0, 3;
    %assign/vec4 v0x5739c9c7bc30_0, 0;
    %pushi/vec4 0, 0, 3;
    %assign/vec4 v0x5739c9c7b6e0_0, 0;
    %pushi/vec4 0, 0, 5;
    %assign/vec4 v0x5739c9c7b9b0_0, 0;
    %pushi/vec4 0, 0, 1;
    %assign/vec4 v0x5739c9c7c130_0, 0;
    %pushi/vec4 0, 0, 1;
    %assign/vec4 v0x5739c9c7c1f0_0, 0;
    %pushi/vec4 0, 0, 8;
    %assign/vec4 v0x5739c9c7b8d0_0, 0;
    %pushi/vec4 0, 0, 2;
    %assign/vec4 v0x5739c9c7bb50_0, 0;
    %pushi/vec4 0, 0, 1;
    %assign/vec4 v0x5739c9c7b560_0, 0;
    %pushi/vec4 0, 0, 20;
    %assign/vec4 v0x5739c9c7b620_0, 0;
    %pushi/vec4 0, 0, 2;
    %assign/vec4 v0x5739c9c7c370_0, 0;
    %vpi_call 3 61 "$readmemh", "data.txt", v0x5739c9c7c2b0 {0 0 0};
    %pushi/vec4 56, 0, 8;
    %ix/load 3, 0, 0;
    %flag_set/imm 4, 0;
    %ix/load 4, 0, 0; Constant delay
    %assign/vec4/a/d v0x5739c9c7b7c0, 0, 4;
    %pushi/vec4 6, 0, 8;
    %ix/load 3, 1, 0;
    %flag_set/imm 4, 0;
    %ix/load 4, 0, 0; Constant delay
    %assign/vec4/a/d v0x5739c9c7b7c0, 0, 4;
    %pushi/vec4 12, 0, 8;
    %ix/load 3, 2, 0;
    %flag_set/imm 4, 0;
    %ix/load 4, 0, 0; Constant delay
    %assign/vec4/a/d v0x5739c9c7b7c0, 0, 4;
    %pushi/vec4 1, 0, 8;
    %ix/load 3, 3, 0;
    %flag_set/imm 4, 0;
    %ix/load 4, 0, 0; Constant delay
    %assign/vec4/a/d v0x5739c9c7b7c0, 0, 4;
    %end;
    .thread T_0;
    .scope S_0x5739c9c5a780;
T_1 ;
    %wait E_0x5739c9c4a5a0;
    %load/vec4 v0x5739c9c7b620_0;
    %pad/u 32;
    %cmpi/e 799999, 0, 32;
    %jmp/0xz  T_1.0, 4;
    %load/vec4 v0x5739c9c7b560_0;
    %inv;
    %assign/vec4 v0x5739c9c7b560_0, 0;
    %pushi/vec4 0, 0, 20;
    %assign/vec4 v0x5739c9c7b620_0, 0;
    %jmp T_1.1;
T_1.0 ;
    %load/vec4 v0x5739c9c7b620_0;
    %addi 1, 0, 20;
    %assign/vec4 v0x5739c9c7b620_0, 0;
T_1.1 ;
    %jmp T_1;
    .thread T_1;
    .scope S_0x5739c9c5a780;
T_2 ;
    %wait E_0x5739c9c46dc0;
    %load/vec4 v0x5739c9c7c070_0;
    %flag_set/vec4 8;
    %jmp/0xz  T_2.0, 8;
    %pushi/vec4 0, 0, 3;
    %assign/vec4 v0x5739c9c7bc30_0, 0;
    %jmp T_2.1;
T_2.0 ;
    %load/vec4 v0x5739c9c7bed0_0;
    %assign/vec4 v0x5739c9c7bc30_0, 0;
T_2.1 ;
    %jmp T_2;
    .thread T_2;
    .scope S_0x5739c9c5a780;
T_3 ;
    %wait E_0x5739c9c470a0;
    %load/vec4 v0x5739c9c7bc30_0;
    %dup/vec4;
    %pushi/vec4 0, 0, 3;
    %cmp/u;
    %jmp/1 T_3.0, 6;
    %dup/vec4;
    %pushi/vec4 1, 0, 3;
    %cmp/u;
    %jmp/1 T_3.1, 6;
    %dup/vec4;
    %pushi/vec4 2, 0, 3;
    %cmp/u;
    %jmp/1 T_3.2, 6;
    %dup/vec4;
    %pushi/vec4 3, 0, 3;
    %cmp/u;
    %jmp/1 T_3.3, 6;
    %dup/vec4;
    %pushi/vec4 4, 0, 3;
    %cmp/u;
    %jmp/1 T_3.4, 6;
    %pushi/vec4 5, 0, 3;
    %store/vec4 v0x5739c9c7bed0_0, 0, 3;
    %jmp T_3.6;
T_3.0 ;
    %load/vec4 v0x5739c9c7bfb0_0;
    %flag_set/vec4 8;
    %jmp/0 T_3.7, 8;
    %pushi/vec4 1, 0, 3;
    %jmp/1 T_3.8, 8;
T_3.7 ; End of true expr.
    %pushi/vec4 0, 0, 3;
    %jmp/0 T_3.8, 8;
 ; End of false expr.
    %blend;
T_3.8;
    %assign/vec4 v0x5739c9c7bed0_0, 0;
    %jmp T_3.6;
T_3.1 ;
    %load/vec4 v0x5739c9c7b6e0_0;
    %pad/u 32;
    %cmpi/e 4, 0, 32;
    %flag_mov 8, 4;
    %jmp/0 T_3.9, 8;
    %pushi/vec4 2, 0, 3;
    %jmp/1 T_3.10, 8;
T_3.9 ; End of true expr.
    %pushi/vec4 1, 0, 3;
    %jmp/0 T_3.10, 8;
 ; End of false expr.
    %blend;
T_3.10;
    %assign/vec4 v0x5739c9c7bed0_0, 0;
    %jmp T_3.6;
T_3.2 ;
    %load/vec4 v0x5739c9c7b9b0_0;
    %pad/u 32;
    %cmpi/e 16, 0, 32;
    %flag_mov 8, 4;
    %jmp/0 T_3.11, 8;
    %pushi/vec4 3, 0, 3;
    %jmp/1 T_3.12, 8;
T_3.11 ; End of true expr.
    %pushi/vec4 2, 0, 3;
    %jmp/0 T_3.12, 8;
 ; End of false expr.
    %blend;
T_3.12;
    %assign/vec4 v0x5739c9c7bed0_0, 0;
    %jmp T_3.6;
T_3.3 ;
    %pushi/vec4 4, 0, 3;
    %assign/vec4 v0x5739c9c7bed0_0, 0;
    %jmp T_3.6;
T_3.4 ;
    %load/vec4 v0x5739c9c7b9b0_0;
    %pad/u 32;
    %cmpi/e 16, 0, 32;
    %flag_mov 8, 4;
    %jmp/0 T_3.13, 8;
    %pushi/vec4 5, 0, 3;
    %jmp/1 T_3.14, 8;
T_3.13 ; End of true expr.
    %pushi/vec4 4, 0, 3;
    %jmp/0 T_3.14, 8;
 ; End of false expr.
    %blend;
T_3.14;
    %assign/vec4 v0x5739c9c7bed0_0, 0;
    %jmp T_3.6;
T_3.6 ;
    %pop/vec4 1;
    %jmp T_3;
    .thread T_3, $push;
    .scope S_0x5739c9c5a780;
T_4 ;
    %wait E_0x5739c9c46dc0;
    %load/vec4 v0x5739c9c7c070_0;
    %flag_set/vec4 8;
    %jmp/0xz  T_4.0, 8;
    %pushi/vec4 0, 0, 3;
    %assign/vec4 v0x5739c9c7b6e0_0, 0;
    %pushi/vec4 0, 0, 5;
    %assign/vec4 v0x5739c9c7b9b0_0, 0;
    %pushi/vec4 0, 0, 8;
    %assign/vec4 v0x5739c9c7b8d0_0, 0;
    %pushi/vec4 0, 0, 2;
    %assign/vec4 v0x5739c9c7bb50_0, 0;
    %pushi/vec4 0, 0, 2;
    %assign/vec4 v0x5739c9c7c370_0, 0;
    %vpi_call 3 116 "$readmemh", "data.txt", v0x5739c9c7c2b0 {0 0 0};
    %jmp T_4.1;
T_4.0 ;
    %load/vec4 v0x5739c9c7bed0_0;
    %dup/vec4;
    %pushi/vec4 0, 0, 3;
    %cmp/u;
    %jmp/1 T_4.2, 6;
    %dup/vec4;
    %pushi/vec4 1, 0, 3;
    %cmp/u;
    %jmp/1 T_4.3, 6;
    %dup/vec4;
    %pushi/vec4 2, 0, 3;
    %cmp/u;
    %jmp/1 T_4.4, 6;
    %dup/vec4;
    %pushi/vec4 3, 0, 3;
    %cmp/u;
    %jmp/1 T_4.5, 6;
    %dup/vec4;
    %pushi/vec4 4, 0, 3;
    %cmp/u;
    %jmp/1 T_4.6, 6;
    %dup/vec4;
    %pushi/vec4 5, 0, 3;
    %cmp/u;
    %jmp/1 T_4.7, 6;
    %jmp T_4.8;
T_4.2 ;
    %pushi/vec4 0, 0, 3;
    %assign/vec4 v0x5739c9c7b6e0_0, 0;
    %pushi/vec4 0, 0, 5;
    %assign/vec4 v0x5739c9c7b9b0_0, 0;
    %pushi/vec4 0, 0, 1;
    %assign/vec4 v0x5739c9c7c130_0, 0;
    %pushi/vec4 0, 0, 8;
    %assign/vec4 v0x5739c9c7b8d0_0, 0;
    %pushi/vec4 0, 0, 2;
    %assign/vec4 v0x5739c9c7bb50_0, 0;
    %jmp T_4.8;
T_4.3 ;
    %pushi/vec4 0, 0, 1;
    %assign/vec4 v0x5739c9c7c130_0, 0;
    %load/vec4 v0x5739c9c7b6e0_0;
    %addi 1, 0, 3;
    %assign/vec4 v0x5739c9c7b6e0_0, 0;
    %load/vec4 v0x5739c9c7b6e0_0;
    %pad/u 4;
    %ix/vec4 4;
    %load/vec4a v0x5739c9c7b7c0, 4;
    %assign/vec4 v0x5739c9c7b8d0_0, 0;
    %jmp T_4.8;
T_4.4 ;
    %load/vec4 v0x5739c9c7b9b0_0;
    %addi 1, 0, 5;
    %assign/vec4 v0x5739c9c7b9b0_0, 0;
    %pushi/vec4 1, 0, 1;
    %assign/vec4 v0x5739c9c7c130_0, 0;
    %load/vec4 v0x5739c9c7b9b0_0;
    %pad/u 7;
    %ix/vec4 4;
    %load/vec4a v0x5739c9c7c2b0, 4;
    %assign/vec4 v0x5739c9c7b8d0_0, 0;
    %jmp T_4.8;
T_4.5 ;
    %pushi/vec4 0, 0, 5;
    %assign/vec4 v0x5739c9c7b9b0_0, 0;
    %pushi/vec4 0, 0, 1;
    %assign/vec4 v0x5739c9c7c130_0, 0;
    %pushi/vec4 192, 0, 8;
    %assign/vec4 v0x5739c9c7b8d0_0, 0;
    %jmp T_4.8;
T_4.6 ;
    %load/vec4 v0x5739c9c7b9b0_0;
    %addi 1, 0, 5;
    %assign/vec4 v0x5739c9c7b9b0_0, 0;
    %pushi/vec4 1, 0, 1;
    %assign/vec4 v0x5739c9c7c130_0, 0;
    %pushi/vec4 16, 0, 32;
    %load/vec4 v0x5739c9c7b9b0_0;
    %pad/u 32;
    %add;
    %ix/vec4 4;
    %load/vec4a v0x5739c9c7c2b0, 4;
    %assign/vec4 v0x5739c9c7b8d0_0, 0;
    %jmp T_4.8;
T_4.7 ;
    %load/vec4 v0x5739c9c7bb50_0;
    %dup/vec4;
    %pushi/vec4 0, 0, 2;
    %cmp/u;
    %jmp/1 T_4.9, 6;
    %dup/vec4;
    %pushi/vec4 1, 0, 2;
    %cmp/u;
    %jmp/1 T_4.10, 6;
    %dup/vec4;
    %pushi/vec4 2, 0, 2;
    %cmp/u;
    %jmp/1 T_4.11, 6;
    %dup/vec4;
    %pushi/vec4 3, 0, 2;
    %cmp/u;
    %jmp/1 T_4.12, 6;
    %jmp T_4.13;
T_4.9 ;
    %pushi/vec4 0, 0, 1;
    %assign/vec4 v0x5739c9c7c130_0, 0;
    %pushi/vec4 135, 0, 8;
    %assign/vec4 v0x5739c9c7b8d0_0, 0;
    %pushi/vec4 1, 0, 2;
    %assign/vec4 v0x5739c9c7bb50_0, 0;
    %load/vec4 v0x5739c9c7bd10_0;
    %assign/vec4 v0x5739c9c7bdf0_0, 0;
    %jmp T_4.13;
T_4.10 ;
    %pushi/vec4 1, 0, 1;
    %assign/vec4 v0x5739c9c7c130_0, 0;
    %load/vec4 v0x5739c9c7bdf0_0;
    %pad/u 32;
    %load/vec4 v0x5739c9c7bdf0_0;
    %pad/u 32;
    %pushi/vec4 100, 0, 32;
    %mod;
    %sub;
    %pushi/vec4 100, 0, 32;
    %div;
    %addi 48, 0, 32;
    %pad/u 8;
    %assign/vec4 v0x5739c9c7b8d0_0, 0;
    %pushi/vec4 2, 0, 2;
    %assign/vec4 v0x5739c9c7bb50_0, 0;
    %jmp T_4.13;
T_4.11 ;
    %load/vec4 v0x5739c9c7bdf0_0;
    %pad/u 32;
    %pushi/vec4 100, 0, 32;
    %mod;
    %load/vec4 v0x5739c9c7bdf0_0;
    %pad/u 32;
    %pushi/vec4 10, 0, 32;
    %mod;
    %sub;
    %pushi/vec4 10, 0, 32;
    %div;
    %addi 48, 0, 32;
    %pad/u 8;
    %assign/vec4 v0x5739c9c7b8d0_0, 0;
    %pushi/vec4 3, 0, 2;
    %assign/vec4 v0x5739c9c7bb50_0, 0;
    %jmp T_4.13;
T_4.12 ;
    %load/vec4 v0x5739c9c7bdf0_0;
    %pad/u 32;
    %pushi/vec4 10, 0, 32;
    %mod;
    %addi 48, 0, 32;
    %pad/u 8;
    %assign/vec4 v0x5739c9c7b8d0_0, 0;
    %pushi/vec4 0, 0, 2;
    %assign/vec4 v0x5739c9c7bb50_0, 0;
    %jmp T_4.13;
T_4.13 ;
    %pop/vec4 1;
    %jmp T_4.8;
T_4.8 ;
    %pop/vec4 1;
T_4.1 ;
    %jmp T_4;
    .thread T_4;
    .scope S_0x5739c9c5a5f0;
T_5 ;
    %pushi/vec4 0, 0, 1;
    %store/vec4 v0x5739c9c7c650_0, 0, 1;
T_5.0 ;
    %delay 10000, 0;
    %load/vec4 v0x5739c9c7c650_0;
    %inv;
    %store/vec4 v0x5739c9c7c650_0, 0, 1;
    %jmp T_5.0;
    %end;
    .thread T_5;
    .scope S_0x5739c9c5a5f0;
T_6 ;
    %pushi/vec4 0, 0, 7;
    %store/vec4 v0x5739c9c7c850_0, 0, 7;
    %pushi/vec4 1, 0, 1;
    %store/vec4 v0x5739c9c7c990_0, 0, 1;
    %pushi/vec4 0, 0, 1;
    %store/vec4 v0x5739c9c7c8f0_0, 0, 1;
    %delay 100000, 0;
    %pushi/vec4 0, 0, 1;
    %store/vec4 v0x5739c9c7c990_0, 0, 1;
    %pushi/vec4 1, 0, 1;
    %store/vec4 v0x5739c9c7c8f0_0, 0, 1;
    %delay 100000000, 0;
    %pushi/vec4 123, 0, 7;
    %store/vec4 v0x5739c9c7c850_0, 0, 7;
    %delay 3000000000, 0;
    %pushi/vec4 122, 0, 7;
    %store/vec4 v0x5739c9c7c850_0, 0, 7;
    %delay 3000000000, 0;
    %pushi/vec4 7, 0, 7;
    %store/vec4 v0x5739c9c7c850_0, 0, 7;
    %delay 3000000000, 0;
    %vpi_call 2 45 "$finish" {0 0 0};
    %end;
    .thread T_6;
    .scope S_0x5739c9c5a5f0;
T_7 ;
    %vpi_call 2 49 "$dumpfile", "LCD1602_controller_tb.vcd" {0 0 0};
    %vpi_call 2 50 "$dumpvars", 32'sb11111111111111111111111111111111, S_0x5739c9c5a780 {0 0 0};
    %end;
    .thread T_7;
# The file index is used to find the file name in the following table.
:file_names 4;
    "N/A";
    "<interactive>";
    "src/Tb/LCD1602_controller_tb.v";
    "./src/LCD/LCD1602_controller.v";
